<?xml version="1.0" encoding="UTF-8"?>
<coverage generated="1764723354">
  <project timestamp="1764723354" name="Clover Coverage">
    <package name="Galaxon\Core">
      <file name="C:\Users\shaun\Projects\PHP\Galaxon\Core\src\Arrays.php">
        <class name="Galaxon\Core\Arrays" namespace="Galaxon\Core">
          <metrics complexity="4" methods="1" coveredmethods="1" conditionals="0" coveredconditionals="0" statements="5" coveredstatements="5" elements="6" coveredelements="6"/>
        </class>
        <line num="29" type="method" name="containsRecursion" visibility="public" complexity="3" crap="3" count="8"/>
        <line num="32" type="stmt" count="8"/>
        <line num="33" type="stmt" count="4"/>
        <line num="34" type="stmt" count="4"/>
        <line num="35" type="stmt" count="4"/>
        <line num="39" type="stmt" count="4"/>
        <metrics loc="42" ncloc="28" classes="1" methods="1" coveredmethods="1" conditionals="0" coveredconditionals="0" statements="5" coveredstatements="5" elements="6" coveredelements="6"/>
      </file>
      <file name="C:\Users\shaun\Projects\PHP\Galaxon\Core\src\Comparable.php">
        <class name="Galaxon\Core\Comparable" namespace="Galaxon\Core">
          <metrics complexity="9" methods="0" coveredmethods="0" conditionals="0" coveredconditionals="0" statements="0" coveredstatements="0" elements="0" coveredelements="0"/>
        </class>
        <metrics loc="158" ncloc="54" classes="0" methods="0" coveredmethods="0" conditionals="0" coveredconditionals="0" statements="0" coveredstatements="0" elements="0" coveredelements="0"/>
      </file>
      <file name="C:\Users\shaun\Projects\PHP\Galaxon\Core\src\Floats.php">
        <class name="Galaxon\Core\Floats" namespace="Galaxon\Core">
          <metrics complexity="73" methods="22" coveredmethods="22" conditionals="0" coveredconditionals="0" statements="122" coveredstatements="122" elements="144" coveredelements="144"/>
        </class>
        <line num="58" type="method" name="approxEqualAbsolute" visibility="public" complexity="2" crap="2" count="16"/>
        <line num="61" type="stmt" count="16"/>
        <line num="62" type="stmt" count="1"/>
        <line num="66" type="stmt" count="15"/>
        <line num="81" type="method" name="approxEqualRelative" visibility="public" complexity="3" crap="3" count="17"/>
        <line num="84" type="stmt" count="17"/>
        <line num="85" type="stmt" count="2"/>
        <line num="88" type="stmt" count="15"/>
        <line num="89" type="stmt" count="15"/>
        <line num="92" type="stmt" count="15"/>
        <line num="93" type="stmt" count="4"/>
        <line num="96" type="stmt" count="14"/>
        <line num="109" type="method" name="approxEqual" visibility="public" complexity="2" crap="2" count="11"/>
        <line num="115" type="stmt" count="11"/>
        <line num="116" type="stmt" count="9"/>
        <line num="118" type="stmt" count="3"/>
        <line num="131" type="method" name="compare" visibility="public" complexity="2" crap="2" count="7"/>
        <line num="138" type="stmt" count="7"/>
        <line num="139" type="stmt" count="4"/>
        <line num="143" type="stmt" count="4"/>
        <line num="156" type="method" name="normalizeZero" visibility="public" complexity="2" crap="2" count="11"/>
        <line num="158" type="stmt" count="11"/>
        <line num="172" type="method" name="toHex" visibility="public" complexity="1" crap="1" count="3"/>
        <line num="174" type="stmt" count="3"/>
        <line num="183" type="method" name="tryConvertToInt" visibility="public" complexity="3" crap="3" count="8"/>
        <line num="186" type="stmt" count="8"/>
        <line num="187" type="stmt" count="1"/>
        <line num="191" type="stmt" count="7"/>
        <line num="192" type="stmt" count="7"/>
        <line num="193" type="stmt" count="4"/>
        <line num="197" type="stmt" count="4"/>
        <line num="215" type="method" name="isNegativeZero" visibility="public" complexity="2" crap="2" count="26"/>
        <line num="218" type="stmt" count="26"/>
        <line num="232" type="method" name="isPositiveZero" visibility="public" complexity="2" crap="2" count="13"/>
        <line num="235" type="stmt" count="13"/>
        <line num="248" type="method" name="isNegative" visibility="public" complexity="3" crap="3" count="2"/>
        <line num="250" type="stmt" count="2"/>
        <line num="263" type="method" name="isPositive" visibility="public" complexity="3" crap="3" count="2"/>
        <line num="265" type="stmt" count="2"/>
        <line num="275" type="method" name="isSpecial" visibility="public" complexity="2" crap="2" count="10"/>
        <line num="277" type="stmt" count="10"/>
        <line num="291" type="method" name="next" visibility="public" complexity="7" crap="7" count="13"/>
        <line num="293" type="stmt" count="13"/>
        <line num="296" type="stmt" count="13"/>
        <line num="297" type="stmt" count="1"/>
        <line num="299" type="stmt" count="12"/>
        <line num="300" type="stmt" count="2"/>
        <line num="302" type="stmt" count="10"/>
        <line num="303" type="stmt" count="1"/>
        <line num="305" type="stmt" count="9"/>
        <line num="306" type="stmt" count="2"/>
        <line num="309" type="stmt" count="8"/>
        <line num="310" type="stmt" count="8"/>
        <line num="311" type="stmt" count="8"/>
        <line num="321" type="method" name="previous" visibility="public" complexity="7" crap="7" count="12"/>
        <line num="323" type="stmt" count="12"/>
        <line num="326" type="stmt" count="12"/>
        <line num="327" type="stmt" count="1"/>
        <line num="329" type="stmt" count="11"/>
        <line num="330" type="stmt" count="2"/>
        <line num="332" type="stmt" count="9"/>
        <line num="333" type="stmt" count="1"/>
        <line num="335" type="stmt" count="8"/>
        <line num="336" type="stmt" count="2"/>
        <line num="339" type="stmt" count="7"/>
        <line num="340" type="stmt" count="7"/>
        <line num="341" type="stmt" count="7"/>
        <line num="354" type="method" name="check64bit" visibility="private" complexity="2" crap="2" count="55"/>
        <line num="357" type="stmt" count="55"/>
        <line num="368" type="method" name="floatToBits" visibility="private" complexity="2" crap="2" count="30"/>
        <line num="370" type="stmt" count="30"/>
        <line num="372" type="stmt" count="30"/>
        <line num="374" type="stmt" count="30"/>
        <line num="375" type="stmt" count="30"/>
        <line num="376" type="stmt" count="30"/>
        <line num="379" type="stmt" count="30"/>
        <line num="388" type="method" name="bitsToFloat" visibility="private" complexity="2" crap="2" count="30"/>
        <line num="390" type="stmt" count="30"/>
        <line num="391" type="stmt" count="30"/>
        <line num="392" type="stmt" count="30"/>
        <line num="393" type="stmt" count="30"/>
        <line num="396" type="stmt" count="30"/>
        <line num="398" type="stmt" count="30"/>
        <line num="400" type="stmt" count="30"/>
        <line num="415" type="method" name="disassemble" visibility="public" complexity="1" crap="1" count="17"/>
        <line num="417" type="stmt" count="17"/>
        <line num="420" type="stmt" count="17"/>
        <line num="423" type="stmt" count="17"/>
        <line num="424" type="stmt" count="17"/>
        <line num="425" type="stmt" count="17"/>
        <line num="426" type="stmt" count="17"/>
        <line num="427" type="stmt" count="17"/>
        <line num="440" type="method" name="assemble" visibility="public" complexity="7" crap="7" count="23"/>
        <line num="442" type="stmt" count="23"/>
        <line num="445" type="stmt" count="23"/>
        <line num="446" type="stmt" count="2"/>
        <line num="448" type="stmt" count="21"/>
        <line num="449" type="stmt" count="2"/>
        <line num="451" type="stmt" count="19"/>
        <line num="452" type="stmt" count="2"/>
        <line num="456" type="stmt" count="17"/>
        <line num="459" type="stmt" count="17"/>
        <line num="472" type="method" name="randFloat" visibility="private" complexity="1" crap="1" count="2"/>
        <line num="475" type="stmt" count="2"/>
        <line num="477" type="stmt" count="2"/>
        <line num="478" type="stmt" count="2"/>
        <line num="479" type="stmt" count="2"/>
        <line num="480" type="stmt" count="2"/>
        <line num="504" type="method" name="rand" visibility="public" complexity="12" crap="12" count="13"/>
        <line num="507" type="stmt" count="13"/>
        <line num="508" type="stmt" count="2"/>
        <line num="510" type="stmt" count="11"/>
        <line num="511" type="stmt" count="1"/>
        <line num="515" type="stmt" count="10"/>
        <line num="516" type="stmt" count="10"/>
        <line num="519" type="stmt" count="10"/>
        <line num="520" type="stmt" count="1"/>
        <line num="524" type="stmt" count="9"/>
        <line num="525" type="stmt" count="2"/>
        <line num="529" type="stmt" count="7"/>
        <line num="530" type="stmt" count="7"/>
        <line num="533" type="stmt" count="7"/>
        <line num="534" type="stmt" count="7"/>
        <line num="535" type="stmt" count="7"/>
        <line num="536" type="stmt" count="7"/>
        <line num="539" type="stmt" count="7"/>
        <line num="540" type="stmt" count="7"/>
        <line num="545" type="stmt" count="7"/>
        <line num="546" type="stmt" count="5"/>
        <line num="548" type="stmt" count="5"/>
        <line num="550" type="stmt" count="2"/>
        <line num="551" type="stmt" count="2"/>
        <line num="555" type="stmt" count="7"/>
        <line num="556" type="stmt" count="1"/>
        <line num="558" type="stmt" count="6"/>
        <line num="562" type="stmt" count="7"/>
        <line num="563" type="stmt" count="7"/>
        <line num="565" type="stmt" count="7"/>
        <line num="583" type="method" name="randUniform" visibility="public" complexity="4" crap="4" count="11"/>
        <line num="586" type="stmt" count="11"/>
        <line num="587" type="stmt" count="4"/>
        <line num="589" type="stmt" count="7"/>
        <line num="590" type="stmt" count="1"/>
        <line num="594" type="stmt" count="6"/>
        <metrics loc="599" ncloc="319" classes="1" methods="22" coveredmethods="22" conditionals="0" coveredconditionals="0" statements="122" coveredstatements="122" elements="144" coveredelements="144"/>
      </file>
      <file name="C:\Users\shaun\Projects\PHP\Galaxon\Core\src\Integers.php">
        <class name="Galaxon\Core\Integers" namespace="Galaxon\Core">
          <metrics complexity="16" methods="5" coveredmethods="5" conditionals="0" coveredconditionals="0" statements="35" coveredstatements="35" elements="40" coveredelements="40"/>
        </class>
        <line num="34" type="method" name="add" visibility="public" complexity="2" crap="2" count="3"/>
        <line num="37" type="stmt" count="3"/>
        <line num="42" type="stmt" count="3"/>
        <line num="43" type="stmt" count="2"/>
        <line num="47" type="stmt" count="1"/>
        <line num="58" type="method" name="sub" visibility="public" complexity="2" crap="2" count="3"/>
        <line num="61" type="stmt" count="3"/>
        <line num="66" type="stmt" count="3"/>
        <line num="67" type="stmt" count="2"/>
        <line num="71" type="stmt" count="1"/>
        <line num="82" type="method" name="mul" visibility="public" complexity="2" crap="2" count="3"/>
        <line num="85" type="stmt" count="3"/>
        <line num="90" type="stmt" count="3"/>
        <line num="91" type="stmt" count="2"/>
        <line num="95" type="stmt" count="1"/>
        <line num="107" type="method" name="pow" visibility="public" complexity="3" crap="3" count="4"/>
        <line num="110" type="stmt" count="4"/>
        <line num="111" type="stmt" count="1"/>
        <line num="115" type="stmt" count="3"/>
        <line num="118" type="stmt" count="3"/>
        <line num="119" type="stmt" count="2"/>
        <line num="123" type="stmt" count="1"/>
        <line num="134" type="method" name="gcd" visibility="public" complexity="6" crap="6" count="8"/>
        <line num="137" type="stmt" count="8"/>
        <line num="138" type="stmt" count="1"/>
        <line num="142" type="stmt" count="7"/>
        <line num="143" type="stmt" count="7"/>
        <line num="144" type="stmt" count="2"/>
        <line num="148" type="stmt" count="5"/>
        <line num="151" type="stmt" count="5"/>
        <line num="153" type="stmt" count="4"/>
        <line num="154" type="stmt" count="1"/>
        <line num="157" type="stmt" count="3"/>
        <line num="158" type="stmt" count="3"/>
        <line num="160" type="stmt" count="3"/>
        <line num="161" type="stmt" count="3"/>
        <line num="162" type="stmt" count="3"/>
        <line num="163" type="stmt" count="3"/>
        <line num="166" type="stmt" count="3"/>
        <line num="169" type="stmt" count="4"/>
        <metrics loc="172" ncloc="99" classes="1" methods="5" coveredmethods="5" conditionals="0" coveredconditionals="0" statements="35" coveredstatements="35" elements="40" coveredelements="40"/>
      </file>
      <file name="C:\Users\shaun\Projects\PHP\Galaxon\Core\src\Numbers.php">
        <class name="Galaxon\Core\Numbers" namespace="Galaxon\Core">
          <metrics complexity="16" methods="4" coveredmethods="4" conditionals="0" coveredconditionals="0" statements="16" coveredstatements="16" elements="20" coveredelements="20"/>
        </class>
        <line num="37" type="method" name="equal" visibility="public" complexity="3" crap="3" count="8"/>
        <line num="40" type="stmt" count="8"/>
        <line num="41" type="stmt" count="3"/>
        <line num="45" type="stmt" count="6"/>
        <line num="63" type="method" name="approxEqual" visibility="public" complexity="3" crap="3" count="13"/>
        <line num="70" type="stmt" count="13"/>
        <line num="71" type="stmt" count="3"/>
        <line num="75" type="stmt" count="11"/>
        <line num="86" type="method" name="copySign" visibility="public" complexity="3" crap="3" count="8"/>
        <line num="89" type="stmt" count="8"/>
        <line num="90" type="stmt" count="3"/>
        <line num="93" type="stmt" count="5"/>
        <line num="110" type="method" name="sign" visibility="public" complexity="6" crap="6" count="7"/>
        <line num="113" type="stmt" count="7"/>
        <line num="114" type="stmt" count="7"/>
        <line num="118" type="stmt" count="7"/>
        <line num="119" type="stmt" count="7"/>
        <line num="123" type="stmt" count="5"/>
        <line num="124" type="stmt" count="1"/>
        <line num="128" type="stmt" count="4"/>
        <metrics loc="131" ncloc="63" classes="1" methods="4" coveredmethods="4" conditionals="0" coveredconditionals="0" statements="16" coveredstatements="16" elements="20" coveredelements="20"/>
      </file>
      <file name="C:\Users\shaun\Projects\PHP\Galaxon\Core\src\Stringify.php">
        <class name="Galaxon\Core\Stringify" namespace="Galaxon\Core">
          <metrics complexity="37" methods="6" coveredmethods="6" conditionals="0" coveredconditionals="0" statements="69" coveredstatements="69" elements="75" coveredelements="75"/>
        </class>
        <line num="43" type="method" name="stringify" visibility="public" complexity="10" crap="10" count="19"/>
        <line num="46" type="stmt" count="19"/>
        <line num="47" type="stmt" count="19"/>
        <line num="48" type="stmt" count="18"/>
        <line num="49" type="stmt" count="17"/>
        <line num="50" type="stmt" count="16"/>
        <line num="52" type="stmt" count="15"/>
        <line num="54" type="stmt" count="13"/>
        <line num="56" type="stmt" count="2"/>
        <line num="58" type="stmt" count="12"/>
        <line num="60" type="stmt" count="7"/>
        <line num="62" type="stmt" count="6"/>
        <line num="63" type="stmt" count="1"/>
        <line num="65" type="stmt" count="5"/>
        <line num="67" type="stmt" count="5"/>
        <line num="84" type="method" name="stringifyFloat" visibility="public" complexity="5" crap="5" count="4"/>
        <line num="87" type="stmt" count="4"/>
        <line num="88" type="stmt" count="2"/>
        <line num="90" type="stmt" count="4"/>
        <line num="91" type="stmt" count="2"/>
        <line num="93" type="stmt" count="4"/>
        <line num="94" type="stmt" count="1"/>
        <line num="98" type="stmt" count="3"/>
        <line num="101" type="stmt" count="3"/>
        <line num="102" type="stmt" count="3"/>
        <line num="104" type="stmt" count="3"/>
        <line num="124" type="method" name="stringifyArray" visibility="public" complexity="8" crap="8" count="7"/>
        <line num="127" type="stmt" count="7"/>
        <line num="128" type="stmt" count="1"/>
        <line num="131" type="stmt" count="6"/>
        <line num="132" type="stmt" count="6"/>
        <line num="133" type="stmt" count="6"/>
        <line num="136" type="stmt" count="6"/>
        <line num="137" type="stmt" count="6"/>
        <line num="139" type="stmt" count="6"/>
        <line num="140" type="stmt" count="5"/>
        <line num="143" type="stmt" count="4"/>
        <line num="144" type="stmt" count="4"/>
        <line num="149" type="stmt" count="6"/>
        <line num="150" type="stmt" count="6"/>
        <line num="153" type="stmt" count="6"/>
        <line num="154" type="stmt" count="1"/>
        <line num="155" type="stmt" count="1"/>
        <line num="159" type="stmt" count="5"/>
        <line num="171" type="method" name="stringifyResource" visibility="public" complexity="2" crap="2" count="2"/>
        <line num="174" type="stmt" count="2"/>
        <line num="175" type="stmt" count="1"/>
        <line num="178" type="stmt" count="1"/>
        <line num="199" type="method" name="stringifyObject" visibility="public" complexity="8" crap="8" count="5"/>
        <line num="202" type="stmt" count="5"/>
        <line num="205" type="stmt" count="5"/>
        <line num="206" type="stmt" count="5"/>
        <line num="211" type="stmt" count="5"/>
        <line num="214" type="stmt" count="5"/>
        <line num="215" type="stmt" count="1"/>
        <line num="219" type="stmt" count="4"/>
        <line num="220" type="stmt" count="4"/>
        <line num="222" type="stmt" count="4"/>
        <line num="224" type="stmt" count="4"/>
        <line num="225" type="stmt" count="4"/>
        <line num="227" type="stmt" count="4"/>
        <line num="231" type="stmt" count="1"/>
        <line num="232" type="stmt" count="1"/>
        <line num="235" type="stmt" count="4"/>
        <line num="236" type="stmt" count="4"/>
        <line num="240" type="stmt" count="4"/>
        <line num="241" type="stmt" count="1"/>
        <line num="244" type="stmt" count="3"/>
        <line num="257" type="method" name="abbrev" visibility="public" complexity="3" crap="3" count="4"/>
        <line num="260" type="stmt" count="4"/>
        <line num="261" type="stmt" count="1"/>
        <line num="265" type="stmt" count="3"/>
        <line num="268" type="stmt" count="3"/>
        <line num="269" type="stmt" count="2"/>
        <line num="272" type="stmt" count="3"/>
        <metrics loc="275" ncloc="153" classes="1" methods="6" coveredmethods="6" conditionals="0" coveredconditionals="0" statements="69" coveredstatements="69" elements="75" coveredelements="75"/>
      </file>
      <file name="C:\Users\shaun\Projects\PHP\Galaxon\Core\src\Types.php">
        <class name="Galaxon\Core\Types" namespace="Galaxon\Core">
          <metrics complexity="29" methods="8" coveredmethods="8" conditionals="0" coveredconditionals="0" statements="47" coveredstatements="47" elements="55" coveredelements="55"/>
        </class>
        <line num="37" type="method" name="isNumber" visibility="public" complexity="2" crap="2" count="1"/>
        <line num="39" type="stmt" count="1"/>
        <line num="48" type="method" name="isUint" visibility="public" complexity="2" crap="2" count="1"/>
        <line num="50" type="stmt" count="1"/>
        <line num="74" type="method" name="getBasicType" visibility="public" complexity="2" crap="2" count="17"/>
        <line num="77" type="stmt" count="17"/>
        <line num="78" type="stmt" count="17"/>
        <line num="79" type="stmt" count="13"/>
        <line num="84" type="stmt" count="5"/>
        <line num="85" type="stmt" count="5"/>
        <line num="96" type="method" name="getUniqueString" visibility="public" complexity="11" crap="11" count="9"/>
        <line num="98" type="stmt" count="9"/>
        <line num="99" type="stmt" count="9"/>
        <line num="100" type="stmt" count="2"/>
        <line num="102" type="stmt" count="8"/>
        <line num="103" type="stmt" count="2"/>
        <line num="105" type="stmt" count="7"/>
        <line num="107" type="stmt" count="2"/>
        <line num="109" type="stmt" count="6"/>
        <line num="111" type="stmt" count="2"/>
        <line num="113" type="stmt" count="5"/>
        <line num="115" type="stmt" count="2"/>
        <line num="117" type="stmt" count="4"/>
        <line num="119" type="stmt" count="2"/>
        <line num="121" type="stmt" count="3"/>
        <line num="123" type="stmt" count="2"/>
        <line num="125" type="stmt" count="1"/>
        <line num="127" type="stmt" count="1"/>
        <line num="147" type="method" name="createError" visibility="public" complexity="2" crap="2" count="3"/>
        <line num="149" type="stmt" count="3"/>
        <line num="151" type="stmt" count="3"/>
        <line num="152" type="stmt" count="2"/>
        <line num="153" type="stmt" count="2"/>
        <line num="155" type="stmt" count="1"/>
        <line num="158" type="stmt" count="3"/>
        <line num="173" type="method" name="usesTrait" visibility="public" complexity="1" crap="1" count="6"/>
        <line num="175" type="stmt" count="6"/>
        <line num="176" type="stmt" count="5"/>
        <line num="187" type="method" name="getTraits" visibility="public" complexity="5" crap="5" count="13"/>
        <line num="190" type="stmt" count="13"/>
        <line num="191" type="stmt" count="5"/>
        <line num="192" type="stmt" count="8"/>
        <line num="193" type="stmt" count="6"/>
        <line num="195" type="stmt" count="2"/>
        <line num="198" type="stmt" count="11"/>
        <line num="207" type="method" name="getTraitsRecursive" visibility="private" complexity="3" crap="3" count="11"/>
        <line num="210" type="stmt" count="11"/>
        <line num="215" type="stmt" count="11"/>
        <line num="218" type="stmt" count="11"/>
        <line num="223" type="stmt" count="11"/>
        <line num="226" type="stmt" count="11"/>
        <line num="227" type="stmt" count="8"/>
        <line num="228" type="stmt" count="8"/>
        <line num="230" type="stmt" count="11"/>
        <line num="232" type="stmt" count="11"/>
        <metrics loc="237" ncloc="134" classes="1" methods="8" coveredmethods="8" conditionals="0" coveredconditionals="0" statements="47" coveredstatements="47" elements="55" coveredelements="55"/>
      </file>
    </package>
    <file name="C:\Users\shaun\Projects\PHP\Galaxon\Core\src\Equatable.php">
      <metrics loc="36" ncloc="11" classes="0" methods="0" coveredmethods="0" conditionals="0" coveredconditionals="0" statements="0" coveredstatements="0" elements="0" coveredelements="0"/>
    </file>
    <metrics files="8" loc="1650" ncloc="861" classes="6" methods="46" coveredmethods="46" conditionals="0" coveredconditionals="0" statements="294" coveredstatements="294" elements="340" coveredelements="340"/>
  </project>
</coverage>
