<?xml version="1.0" encoding="UTF-8"?>
<coverage generated="1764546527">
  <project timestamp="1764546527" name="Clover Coverage">
    <package name="Galaxon\Core">
      <file name="C:\Users\shaun\Projects\PHP\Galaxon\Core\src\Arrays.php">
        <class name="Galaxon\Core\Arrays" namespace="Galaxon\Core">
          <metrics complexity="4" methods="1" coveredmethods="1" conditionals="0" coveredconditionals="0" statements="5" coveredstatements="5" elements="6" coveredelements="6"/>
        </class>
        <line num="29" type="method" name="containsRecursion" visibility="public" complexity="3" crap="3" count="8"/>
        <line num="32" type="stmt" count="8"/>
        <line num="33" type="stmt" count="4"/>
        <line num="34" type="stmt" count="4"/>
        <line num="35" type="stmt" count="4"/>
        <line num="39" type="stmt" count="4"/>
        <metrics loc="42" ncloc="28" classes="1" methods="1" coveredmethods="1" conditionals="0" coveredconditionals="0" statements="5" coveredstatements="5" elements="6" coveredelements="6"/>
      </file>
      <file name="C:\Users\shaun\Projects\PHP\Galaxon\Core\src\Comparable.php">
        <class name="Galaxon\Core\Comparable" namespace="Galaxon\Core">
          <metrics complexity="9" methods="0" coveredmethods="0" conditionals="0" coveredconditionals="0" statements="0" coveredstatements="0" elements="0" coveredelements="0"/>
        </class>
        <metrics loc="158" ncloc="54" classes="0" methods="0" coveredmethods="0" conditionals="0" coveredconditionals="0" statements="0" coveredstatements="0" elements="0" coveredelements="0"/>
      </file>
      <file name="C:\Users\shaun\Projects\PHP\Galaxon\Core\src\Floats.php">
        <class name="Galaxon\Core\Floats" namespace="Galaxon\Core">
          <metrics complexity="78" methods="23" coveredmethods="23" conditionals="0" coveredconditionals="0" statements="132" coveredstatements="132" elements="155" coveredelements="155"/>
        </class>
        <line num="59" type="method" name="approxEqualAbsolute" visibility="public" complexity="2" crap="2" count="17"/>
        <line num="62" type="stmt" count="17"/>
        <line num="63" type="stmt" count="1"/>
        <line num="67" type="stmt" count="16"/>
        <line num="82" type="method" name="approxEqualRelative" visibility="public" complexity="3" crap="3" count="17"/>
        <line num="85" type="stmt" count="17"/>
        <line num="86" type="stmt" count="2"/>
        <line num="89" type="stmt" count="15"/>
        <line num="90" type="stmt" count="15"/>
        <line num="93" type="stmt" count="15"/>
        <line num="94" type="stmt" count="4"/>
        <line num="97" type="stmt" count="14"/>
        <line num="110" type="method" name="approxEqual" visibility="public" complexity="2" crap="2" count="12"/>
        <line num="116" type="stmt" count="12"/>
        <line num="117" type="stmt" count="9"/>
        <line num="119" type="stmt" count="4"/>
        <line num="132" type="method" name="compare" visibility="public" complexity="2" crap="2" count="7"/>
        <line num="139" type="stmt" count="7"/>
        <line num="140" type="stmt" count="4"/>
        <line num="144" type="stmt" count="4"/>
        <line num="157" type="method" name="normalizeZero" visibility="public" complexity="2" crap="2" count="18"/>
        <line num="159" type="stmt" count="18"/>
        <line num="178" type="method" name="wrap" visibility="public" complexity="5" crap="5" count="7"/>
        <line num="182" type="stmt" count="7"/>
        <line num="185" type="stmt" count="7"/>
        <line num="187" type="stmt" count="5"/>
        <line num="188" type="stmt" count="5"/>
        <line num="189" type="stmt" count="4"/>
        <line num="190" type="stmt" count="5"/>
        <line num="191" type="stmt" count="2"/>
        <line num="195" type="stmt" count="5"/>
        <line num="196" type="stmt" count="2"/>
        <line num="201" type="stmt" count="7"/>
        <line num="215" type="method" name="toHex" visibility="public" complexity="1" crap="1" count="3"/>
        <line num="217" type="stmt" count="3"/>
        <line num="226" type="method" name="tryConvertToInt" visibility="public" complexity="3" crap="3" count="8"/>
        <line num="229" type="stmt" count="8"/>
        <line num="230" type="stmt" count="1"/>
        <line num="234" type="stmt" count="7"/>
        <line num="235" type="stmt" count="7"/>
        <line num="236" type="stmt" count="4"/>
        <line num="240" type="stmt" count="4"/>
        <line num="258" type="method" name="isNegativeZero" visibility="public" complexity="2" crap="2" count="33"/>
        <line num="261" type="stmt" count="33"/>
        <line num="275" type="method" name="isPositiveZero" visibility="public" complexity="2" crap="2" count="14"/>
        <line num="278" type="stmt" count="14"/>
        <line num="291" type="method" name="isNegative" visibility="public" complexity="3" crap="3" count="2"/>
        <line num="293" type="stmt" count="2"/>
        <line num="306" type="method" name="isPositive" visibility="public" complexity="3" crap="3" count="2"/>
        <line num="308" type="stmt" count="2"/>
        <line num="318" type="method" name="isSpecial" visibility="public" complexity="2" crap="2" count="10"/>
        <line num="320" type="stmt" count="10"/>
        <line num="334" type="method" name="next" visibility="public" complexity="7" crap="7" count="13"/>
        <line num="336" type="stmt" count="13"/>
        <line num="339" type="stmt" count="13"/>
        <line num="340" type="stmt" count="1"/>
        <line num="342" type="stmt" count="12"/>
        <line num="343" type="stmt" count="2"/>
        <line num="345" type="stmt" count="10"/>
        <line num="346" type="stmt" count="1"/>
        <line num="348" type="stmt" count="9"/>
        <line num="349" type="stmt" count="2"/>
        <line num="352" type="stmt" count="8"/>
        <line num="353" type="stmt" count="8"/>
        <line num="354" type="stmt" count="8"/>
        <line num="364" type="method" name="previous" visibility="public" complexity="7" crap="7" count="12"/>
        <line num="366" type="stmt" count="12"/>
        <line num="369" type="stmt" count="12"/>
        <line num="370" type="stmt" count="1"/>
        <line num="372" type="stmt" count="11"/>
        <line num="373" type="stmt" count="2"/>
        <line num="375" type="stmt" count="9"/>
        <line num="376" type="stmt" count="1"/>
        <line num="378" type="stmt" count="8"/>
        <line num="379" type="stmt" count="2"/>
        <line num="382" type="stmt" count="7"/>
        <line num="383" type="stmt" count="7"/>
        <line num="384" type="stmt" count="7"/>
        <line num="397" type="method" name="check64bit" visibility="private" complexity="2" crap="2" count="55"/>
        <line num="400" type="stmt" count="55"/>
        <line num="411" type="method" name="floatToBits" visibility="private" complexity="2" crap="2" count="30"/>
        <line num="413" type="stmt" count="30"/>
        <line num="415" type="stmt" count="30"/>
        <line num="417" type="stmt" count="30"/>
        <line num="418" type="stmt" count="30"/>
        <line num="419" type="stmt" count="30"/>
        <line num="422" type="stmt" count="30"/>
        <line num="431" type="method" name="bitsToFloat" visibility="private" complexity="2" crap="2" count="30"/>
        <line num="433" type="stmt" count="30"/>
        <line num="434" type="stmt" count="30"/>
        <line num="435" type="stmt" count="30"/>
        <line num="436" type="stmt" count="30"/>
        <line num="439" type="stmt" count="30"/>
        <line num="441" type="stmt" count="30"/>
        <line num="443" type="stmt" count="30"/>
        <line num="458" type="method" name="disassemble" visibility="public" complexity="1" crap="1" count="17"/>
        <line num="460" type="stmt" count="17"/>
        <line num="463" type="stmt" count="17"/>
        <line num="466" type="stmt" count="17"/>
        <line num="467" type="stmt" count="17"/>
        <line num="468" type="stmt" count="17"/>
        <line num="469" type="stmt" count="17"/>
        <line num="470" type="stmt" count="17"/>
        <line num="483" type="method" name="assemble" visibility="public" complexity="7" crap="7" count="23"/>
        <line num="485" type="stmt" count="23"/>
        <line num="488" type="stmt" count="23"/>
        <line num="489" type="stmt" count="2"/>
        <line num="491" type="stmt" count="21"/>
        <line num="492" type="stmt" count="2"/>
        <line num="494" type="stmt" count="19"/>
        <line num="495" type="stmt" count="2"/>
        <line num="499" type="stmt" count="17"/>
        <line num="502" type="stmt" count="17"/>
        <line num="515" type="method" name="randFloat" visibility="private" complexity="1" crap="1" count="2"/>
        <line num="518" type="stmt" count="2"/>
        <line num="520" type="stmt" count="2"/>
        <line num="521" type="stmt" count="2"/>
        <line num="522" type="stmt" count="2"/>
        <line num="523" type="stmt" count="2"/>
        <line num="547" type="method" name="rand" visibility="public" complexity="12" crap="12" count="13"/>
        <line num="550" type="stmt" count="13"/>
        <line num="551" type="stmt" count="2"/>
        <line num="553" type="stmt" count="11"/>
        <line num="554" type="stmt" count="1"/>
        <line num="558" type="stmt" count="10"/>
        <line num="559" type="stmt" count="10"/>
        <line num="562" type="stmt" count="10"/>
        <line num="563" type="stmt" count="1"/>
        <line num="567" type="stmt" count="9"/>
        <line num="568" type="stmt" count="2"/>
        <line num="572" type="stmt" count="7"/>
        <line num="573" type="stmt" count="7"/>
        <line num="576" type="stmt" count="7"/>
        <line num="577" type="stmt" count="7"/>
        <line num="578" type="stmt" count="7"/>
        <line num="579" type="stmt" count="7"/>
        <line num="582" type="stmt" count="7"/>
        <line num="583" type="stmt" count="7"/>
        <line num="588" type="stmt" count="7"/>
        <line num="589" type="stmt" count="5"/>
        <line num="591" type="stmt" count="5"/>
        <line num="593" type="stmt" count="2"/>
        <line num="594" type="stmt" count="2"/>
        <line num="598" type="stmt" count="7"/>
        <line num="599" type="stmt" count="1"/>
        <line num="601" type="stmt" count="6"/>
        <line num="605" type="stmt" count="7"/>
        <line num="606" type="stmt" count="7"/>
        <line num="608" type="stmt" count="7"/>
        <line num="626" type="method" name="randUniform" visibility="public" complexity="4" crap="4" count="11"/>
        <line num="629" type="stmt" count="11"/>
        <line num="630" type="stmt" count="4"/>
        <line num="632" type="stmt" count="7"/>
        <line num="633" type="stmt" count="1"/>
        <line num="637" type="stmt" count="6"/>
        <metrics loc="642" ncloc="339" classes="1" methods="23" coveredmethods="23" conditionals="0" coveredconditionals="0" statements="132" coveredstatements="132" elements="155" coveredelements="155"/>
      </file>
      <file name="C:\Users\shaun\Projects\PHP\Galaxon\Core\src\Integers.php">
        <class name="Galaxon\Core\Integers" namespace="Galaxon\Core">
          <metrics complexity="16" methods="5" coveredmethods="5" conditionals="0" coveredconditionals="0" statements="35" coveredstatements="35" elements="40" coveredelements="40"/>
        </class>
        <line num="34" type="method" name="add" visibility="public" complexity="2" crap="2" count="3"/>
        <line num="37" type="stmt" count="3"/>
        <line num="42" type="stmt" count="3"/>
        <line num="43" type="stmt" count="2"/>
        <line num="47" type="stmt" count="1"/>
        <line num="58" type="method" name="sub" visibility="public" complexity="2" crap="2" count="3"/>
        <line num="61" type="stmt" count="3"/>
        <line num="66" type="stmt" count="3"/>
        <line num="67" type="stmt" count="2"/>
        <line num="71" type="stmt" count="1"/>
        <line num="82" type="method" name="mul" visibility="public" complexity="2" crap="2" count="3"/>
        <line num="85" type="stmt" count="3"/>
        <line num="90" type="stmt" count="3"/>
        <line num="91" type="stmt" count="2"/>
        <line num="95" type="stmt" count="1"/>
        <line num="107" type="method" name="pow" visibility="public" complexity="3" crap="3" count="4"/>
        <line num="110" type="stmt" count="4"/>
        <line num="111" type="stmt" count="1"/>
        <line num="115" type="stmt" count="3"/>
        <line num="118" type="stmt" count="3"/>
        <line num="119" type="stmt" count="2"/>
        <line num="123" type="stmt" count="1"/>
        <line num="134" type="method" name="gcd" visibility="public" complexity="6" crap="6" count="8"/>
        <line num="137" type="stmt" count="8"/>
        <line num="138" type="stmt" count="1"/>
        <line num="142" type="stmt" count="7"/>
        <line num="143" type="stmt" count="7"/>
        <line num="144" type="stmt" count="2"/>
        <line num="148" type="stmt" count="5"/>
        <line num="151" type="stmt" count="5"/>
        <line num="153" type="stmt" count="4"/>
        <line num="154" type="stmt" count="1"/>
        <line num="157" type="stmt" count="3"/>
        <line num="158" type="stmt" count="3"/>
        <line num="160" type="stmt" count="3"/>
        <line num="161" type="stmt" count="3"/>
        <line num="162" type="stmt" count="3"/>
        <line num="163" type="stmt" count="3"/>
        <line num="166" type="stmt" count="3"/>
        <line num="169" type="stmt" count="4"/>
        <metrics loc="172" ncloc="99" classes="1" methods="5" coveredmethods="5" conditionals="0" coveredconditionals="0" statements="35" coveredstatements="35" elements="40" coveredelements="40"/>
      </file>
      <file name="C:\Users\shaun\Projects\PHP\Galaxon\Core\src\Numbers.php">
        <class name="Galaxon\Core\Numbers" namespace="Galaxon\Core">
          <metrics complexity="16" methods="4" coveredmethods="4" conditionals="0" coveredconditionals="0" statements="16" coveredstatements="16" elements="20" coveredelements="20"/>
        </class>
        <line num="37" type="method" name="equal" visibility="public" complexity="3" crap="3" count="8"/>
        <line num="40" type="stmt" count="8"/>
        <line num="41" type="stmt" count="3"/>
        <line num="45" type="stmt" count="6"/>
        <line num="63" type="method" name="approxEqual" visibility="public" complexity="3" crap="3" count="13"/>
        <line num="70" type="stmt" count="13"/>
        <line num="71" type="stmt" count="3"/>
        <line num="75" type="stmt" count="11"/>
        <line num="86" type="method" name="copySign" visibility="public" complexity="3" crap="3" count="8"/>
        <line num="89" type="stmt" count="8"/>
        <line num="90" type="stmt" count="3"/>
        <line num="93" type="stmt" count="5"/>
        <line num="110" type="method" name="sign" visibility="public" complexity="6" crap="6" count="7"/>
        <line num="113" type="stmt" count="7"/>
        <line num="114" type="stmt" count="7"/>
        <line num="118" type="stmt" count="7"/>
        <line num="119" type="stmt" count="7"/>
        <line num="123" type="stmt" count="5"/>
        <line num="124" type="stmt" count="1"/>
        <line num="128" type="stmt" count="4"/>
        <metrics loc="131" ncloc="63" classes="1" methods="4" coveredmethods="4" conditionals="0" coveredconditionals="0" statements="16" coveredstatements="16" elements="20" coveredelements="20"/>
      </file>
      <file name="C:\Users\shaun\Projects\PHP\Galaxon\Core\src\Stringify.php">
        <class name="Galaxon\Core\Stringify" namespace="Galaxon\Core">
          <metrics complexity="37" methods="6" coveredmethods="6" conditionals="0" coveredconditionals="0" statements="69" coveredstatements="69" elements="75" coveredelements="75"/>
        </class>
        <line num="43" type="method" name="stringify" visibility="public" complexity="10" crap="10" count="19"/>
        <line num="46" type="stmt" count="19"/>
        <line num="47" type="stmt" count="19"/>
        <line num="48" type="stmt" count="18"/>
        <line num="49" type="stmt" count="17"/>
        <line num="50" type="stmt" count="16"/>
        <line num="52" type="stmt" count="15"/>
        <line num="54" type="stmt" count="13"/>
        <line num="56" type="stmt" count="2"/>
        <line num="58" type="stmt" count="12"/>
        <line num="60" type="stmt" count="7"/>
        <line num="62" type="stmt" count="6"/>
        <line num="63" type="stmt" count="1"/>
        <line num="65" type="stmt" count="5"/>
        <line num="67" type="stmt" count="5"/>
        <line num="84" type="method" name="stringifyFloat" visibility="public" complexity="5" crap="5" count="4"/>
        <line num="87" type="stmt" count="4"/>
        <line num="88" type="stmt" count="2"/>
        <line num="90" type="stmt" count="4"/>
        <line num="91" type="stmt" count="2"/>
        <line num="93" type="stmt" count="4"/>
        <line num="94" type="stmt" count="1"/>
        <line num="98" type="stmt" count="3"/>
        <line num="101" type="stmt" count="3"/>
        <line num="102" type="stmt" count="3"/>
        <line num="104" type="stmt" count="3"/>
        <line num="124" type="method" name="stringifyArray" visibility="public" complexity="8" crap="8" count="7"/>
        <line num="127" type="stmt" count="7"/>
        <line num="128" type="stmt" count="1"/>
        <line num="131" type="stmt" count="6"/>
        <line num="132" type="stmt" count="6"/>
        <line num="133" type="stmt" count="6"/>
        <line num="136" type="stmt" count="6"/>
        <line num="137" type="stmt" count="6"/>
        <line num="139" type="stmt" count="6"/>
        <line num="140" type="stmt" count="5"/>
        <line num="143" type="stmt" count="4"/>
        <line num="144" type="stmt" count="4"/>
        <line num="149" type="stmt" count="6"/>
        <line num="150" type="stmt" count="6"/>
        <line num="153" type="stmt" count="6"/>
        <line num="154" type="stmt" count="1"/>
        <line num="155" type="stmt" count="1"/>
        <line num="159" type="stmt" count="5"/>
        <line num="171" type="method" name="stringifyResource" visibility="public" complexity="2" crap="2" count="2"/>
        <line num="174" type="stmt" count="2"/>
        <line num="175" type="stmt" count="1"/>
        <line num="178" type="stmt" count="1"/>
        <line num="199" type="method" name="stringifyObject" visibility="public" complexity="8" crap="8" count="5"/>
        <line num="202" type="stmt" count="5"/>
        <line num="205" type="stmt" count="5"/>
        <line num="206" type="stmt" count="5"/>
        <line num="211" type="stmt" count="5"/>
        <line num="214" type="stmt" count="5"/>
        <line num="215" type="stmt" count="1"/>
        <line num="219" type="stmt" count="4"/>
        <line num="220" type="stmt" count="4"/>
        <line num="222" type="stmt" count="4"/>
        <line num="224" type="stmt" count="4"/>
        <line num="225" type="stmt" count="4"/>
        <line num="227" type="stmt" count="4"/>
        <line num="231" type="stmt" count="1"/>
        <line num="232" type="stmt" count="1"/>
        <line num="235" type="stmt" count="4"/>
        <line num="236" type="stmt" count="4"/>
        <line num="240" type="stmt" count="4"/>
        <line num="241" type="stmt" count="1"/>
        <line num="244" type="stmt" count="3"/>
        <line num="257" type="method" name="abbrev" visibility="public" complexity="3" crap="3" count="4"/>
        <line num="260" type="stmt" count="4"/>
        <line num="261" type="stmt" count="1"/>
        <line num="265" type="stmt" count="3"/>
        <line num="268" type="stmt" count="3"/>
        <line num="269" type="stmt" count="2"/>
        <line num="272" type="stmt" count="3"/>
        <metrics loc="275" ncloc="153" classes="1" methods="6" coveredmethods="6" conditionals="0" coveredconditionals="0" statements="69" coveredstatements="69" elements="75" coveredelements="75"/>
      </file>
      <file name="C:\Users\shaun\Projects\PHP\Galaxon\Core\src\Types.php">
        <class name="Galaxon\Core\Types" namespace="Galaxon\Core">
          <metrics complexity="29" methods="8" coveredmethods="8" conditionals="0" coveredconditionals="0" statements="47" coveredstatements="47" elements="55" coveredelements="55"/>
        </class>
        <line num="37" type="method" name="isNumber" visibility="public" complexity="2" crap="2" count="1"/>
        <line num="39" type="stmt" count="1"/>
        <line num="48" type="method" name="isUint" visibility="public" complexity="2" crap="2" count="1"/>
        <line num="50" type="stmt" count="1"/>
        <line num="74" type="method" name="getBasicType" visibility="public" complexity="2" crap="2" count="17"/>
        <line num="77" type="stmt" count="17"/>
        <line num="78" type="stmt" count="17"/>
        <line num="79" type="stmt" count="13"/>
        <line num="84" type="stmt" count="5"/>
        <line num="85" type="stmt" count="5"/>
        <line num="96" type="method" name="getUniqueString" visibility="public" complexity="11" crap="11" count="9"/>
        <line num="98" type="stmt" count="9"/>
        <line num="99" type="stmt" count="9"/>
        <line num="100" type="stmt" count="2"/>
        <line num="102" type="stmt" count="8"/>
        <line num="103" type="stmt" count="2"/>
        <line num="105" type="stmt" count="7"/>
        <line num="107" type="stmt" count="2"/>
        <line num="109" type="stmt" count="6"/>
        <line num="111" type="stmt" count="2"/>
        <line num="113" type="stmt" count="5"/>
        <line num="115" type="stmt" count="2"/>
        <line num="117" type="stmt" count="4"/>
        <line num="119" type="stmt" count="2"/>
        <line num="121" type="stmt" count="3"/>
        <line num="123" type="stmt" count="2"/>
        <line num="125" type="stmt" count="1"/>
        <line num="127" type="stmt" count="1"/>
        <line num="147" type="method" name="createError" visibility="public" complexity="2" crap="2" count="3"/>
        <line num="149" type="stmt" count="3"/>
        <line num="151" type="stmt" count="3"/>
        <line num="152" type="stmt" count="2"/>
        <line num="153" type="stmt" count="2"/>
        <line num="155" type="stmt" count="1"/>
        <line num="158" type="stmt" count="3"/>
        <line num="173" type="method" name="usesTrait" visibility="public" complexity="1" crap="1" count="6"/>
        <line num="175" type="stmt" count="6"/>
        <line num="176" type="stmt" count="5"/>
        <line num="187" type="method" name="getTraits" visibility="public" complexity="5" crap="5" count="13"/>
        <line num="190" type="stmt" count="13"/>
        <line num="191" type="stmt" count="5"/>
        <line num="192" type="stmt" count="8"/>
        <line num="193" type="stmt" count="6"/>
        <line num="195" type="stmt" count="2"/>
        <line num="198" type="stmt" count="11"/>
        <line num="207" type="method" name="getTraitsRecursive" visibility="private" complexity="3" crap="3" count="11"/>
        <line num="210" type="stmt" count="11"/>
        <line num="215" type="stmt" count="11"/>
        <line num="218" type="stmt" count="11"/>
        <line num="223" type="stmt" count="11"/>
        <line num="226" type="stmt" count="11"/>
        <line num="227" type="stmt" count="8"/>
        <line num="228" type="stmt" count="8"/>
        <line num="230" type="stmt" count="11"/>
        <line num="232" type="stmt" count="11"/>
        <metrics loc="237" ncloc="134" classes="1" methods="8" coveredmethods="8" conditionals="0" coveredconditionals="0" statements="47" coveredstatements="47" elements="55" coveredelements="55"/>
      </file>
    </package>
    <file name="C:\Users\shaun\Projects\PHP\Galaxon\Core\src\Equatable.php">
      <metrics loc="36" ncloc="11" classes="0" methods="0" coveredmethods="0" conditionals="0" coveredconditionals="0" statements="0" coveredstatements="0" elements="0" coveredelements="0"/>
    </file>
    <metrics files="8" loc="1693" ncloc="881" classes="6" methods="47" coveredmethods="47" conditionals="0" coveredconditionals="0" statements="304" coveredstatements="304" elements="351" coveredelements="351"/>
  </project>
</coverage>
